<?xml version="1.0" encoding="UTF-8"?>
<coverage generated="1628244982679" clover="3.2.0">
  <project timestamp="1628244982679" name="All files">
    <metrics statements="12" coveredstatements="12" conditionals="4" coveredconditionals="4" methods="5" coveredmethods="5" elements="21" coveredelements="21" complexity="0" loc="12" ncloc="12" packages="1" files="2" classes="2"/>
    <file name="diary.js" path="/Users/emanuele/Emanuele/Projects/secretDiary/src/diary.js">
      <metrics statements="9" coveredstatements="9" conditionals="4" coveredconditionals="4" methods="3" coveredmethods="3"/>
      <line num="3" count="7" type="stmt"/>
      <line num="4" count="7" type="stmt"/>
      <line num="8" count="4" type="cond" truecount="2" falsecount="0"/>
      <line num="9" count="2" type="stmt"/>
      <line num="11" count="2" type="stmt"/>
      <line num="16" count="2" type="cond" truecount="2" falsecount="0"/>
      <line num="17" count="1" type="stmt"/>
      <line num="19" count="1" type="stmt"/>
      <line num="24" count="1" type="stmt"/>
    </file>
    <file name="padlock.js" path="/Users/emanuele/Emanuele/Projects/secretDiary/src/padlock.js">
      <metrics statements="3" coveredstatements="3" conditionals="0" coveredconditionals="0" methods="2" coveredmethods="2"/>
      <line num="3" count="3" type="stmt"/>
      <line num="7" count="1" type="stmt"/>
      <line num="11" count="1" type="stmt"/>
    </file>
  </project>
</coverage>
