{"/Users/emanuele/Emanuele/Projects/secretDiary/diary.js": {"path":"/Users/emanuele/Emanuele/Projects/secretDiary/diary.js","statementMap":{"0":{"start":{"line":3,"column":2},"end":{"line":3,"column":29}},"1":{"start":{"line":7,"column":2},"end":{"line":7,"column":28}},"2":{"start":{"line":12,"column":2},"end":{"line":12,"column":27}},"3":{"start":{"line":13,"column":2},"end":{"line":13,"column":18}},"4":{"start":{"line":17,"column":2},"end":{"line":21,"column":3}},"5":{"start":{"line":18,"column":3},"end":{"line":18,"column":46}},"6":{"start":{"line":20,"column":3},"end":{"line":20,"column":25}},"7":{"start":{"line":25,"column":2},"end":{"line":29,"column":3}},"8":{"start":{"line":26,"column":3},"end":{"line":26,"column":46}},"9":{"start":{"line":28,"column":3},"end":{"line":28,"column":28}},"10":{"start":{"line":33,"column":0},"end":{"line":33,"column":46}}},"fnMap":{"0":{"name":"(anonymous_0)","decl":{"start":{"line":2,"column":1},"end":{"line":2,"column":2}},"loc":{"start":{"line":2,"column":15},"end":{"line":4,"column":2}},"line":2},"1":{"name":"(anonymous_1)","decl":{"start":{"line":6,"column":1},"end":{"line":6,"column":2}},"loc":{"start":{"line":6,"column":13},"end":{"line":8,"column":2}},"line":6},"2":{"name":"(anonymous_2)","decl":{"start":{"line":11,"column":1},"end":{"line":11,"column":2}},"loc":{"start":{"line":11,"column":15},"end":{"line":14,"column":2}},"line":11},"3":{"name":"(anonymous_3)","decl":{"start":{"line":16,"column":1},"end":{"line":16,"column":2}},"loc":{"start":{"line":16,"column":16},"end":{"line":22,"column":2}},"line":16},"4":{"name":"(anonymous_4)","decl":{"start":{"line":24,"column":1},"end":{"line":24,"column":2}},"loc":{"start":{"line":24,"column":14},"end":{"line":30,"column":2}},"line":24}},"branchMap":{"0":{"loc":{"start":{"line":17,"column":2},"end":{"line":21,"column":3}},"type":"if","locations":[{"start":{"line":17,"column":2},"end":{"line":21,"column":3}},{"start":{"line":17,"column":2},"end":{"line":21,"column":3}}],"line":17},"1":{"loc":{"start":{"line":25,"column":2},"end":{"line":29,"column":3}},"type":"if","locations":[{"start":{"line":25,"column":2},"end":{"line":29,"column":3}},{"start":{"line":25,"column":2},"end":{"line":29,"column":3}}],"line":25}},"s":{"0":3,"1":1,"2":7,"3":7,"4":3,"5":1,"6":2,"7":3,"8":2,"9":1,"10":1},"f":{"0":3,"1":1,"2":7,"3":3,"4":3},"b":{"0":[1,2],"1":[2,1]},"_coverageSchema":"1a1c01bbd47fc00a2c39e90264f33305004495a9","hash":"d837ce7afb505a735a7e84c485a82738d0de0eb9"}
}
